[0629/172655.429:ERROR:process_memory_win.cc(73)] ReadMemory at 0x1b7d3640770 of 72 bytes failed: Only part of a ReadProcessMemory or WriteProcessMemory request was completed. (0x12B)
[0629/172655.430:WARNING:pe_image_annotations_reader.cc(134)] could not read annotations list object in C:\Program Files (x86)\Google\Chrome\Application\83.0.4103.116\chrome_elf.dll
[0629/172655.430:ERROR:process_memory_win.cc(73)] ReadMemory at 0x1b7d3995c30 of 72 bytes failed: Only part of a ReadProcessMemory or WriteProcessMemory request was completed. (0x12B)
[0629/172655.430:WARNING:pe_image_annotations_reader.cc(134)] could not read annotations list object in C:\Program Files (x86)\Google\Chrome\Application\83.0.4103.116\chrome.dll
[0629/172655.436:ERROR:process_memory_win.cc(73)] ReadMemory at 0x1b7d3640770 of 72 bytes failed: Only part of a ReadProcessMemory or WriteProcessMemory request was completed. (0x12B)
[0629/172655.443:WARNING:pe_image_annotations_reader.cc(134)] could not read annotations list object in C:\Program Files (x86)\Google\Chrome\Application\83.0.4103.116\chrome_elf.dll
[0629/172655.443:ERROR:process_memory_win.cc(73)] ReadMemory at 0x7ff967b20000 of 64 bytes failed: Only part of a ReadProcessMemory or WriteProcessMemory request was completed. (0x12B)
[0629/172655.443:WARNING:pe_image_reader.cc(340)] could not read dos header from C:\WINDOWS\SYSTEM32\VERSION.dll
[0629/172655.443:ERROR:process_memory_win.cc(73)] ReadMemory at 0x7ff978030000 of 64 bytes failed: Only part of a ReadProcessMemory or WriteProcessMemory request was completed. (0x12B)
[0629/172655.443:WARNING:pe_image_reader.cc(340)] could not read dos header from C:\WINDOWS\System32\bcryptPrimitives.dll
[0629/172655.443:ERROR:process_memory_win.cc(73)] ReadMemory at 0x7ff9782c0000 of 64 bytes failed: Only part of a ReadProcessMemory or WriteProcessMemory request was completed. (0x12B)
[0629/172655.443:WARNING:pe_image_reader.cc(340)] could not read dos header from C:\WINDOWS\System32\sechost.dll
[0629/172655.443:ERROR:process_memory_win.cc(73)] ReadMemory at 0x7ff91ace0000 of 64 bytes failed: Only part of a ReadProcessMemory or WriteProcessMemory request was completed. (0x12B)
[0629/172655.443:WARNING:pe_image_reader.cc(340)] could not read dos header from C:\Program Files (x86)\Google\Chrome\Application\83.0.4103.116\chrome.dll
[0629/172655.443:ERROR:process_memory_win.cc(73)] ReadMemory at 0x7ff978d10000 of 64 bytes failed: Only part of a ReadProcessMemory or WriteProcessMemory request was completed. (0x12B)
[0629/172655.443:WARNING:pe_image_reader.cc(340)] could not read dos header from C:\WINDOWS\System32\WS2_32.dll
[0629/172655.443:ERROR:process_memory_win.cc(73)] ReadMemory at 0x7ff978ac0000 of 64 bytes failed: Only part of a ReadProcessMemory or WriteProcessMemory request was completed. (0x12B)
[0629/172655.443:WARNING:pe_image_reader.cc(340)] could not read dos header from C:\WINDOWS\System32\OLEAUT32.dll
[0629/172655.443:ERROR:process_memory_win.cc(73)] ReadMemory at 0x7ff977a90000 of 64 bytes failed: Only part of a ReadProcessMemory or WriteProcessMemory request was completed. (0x12B)
[0629/172655.443:WARNING:pe_image_reader.cc(340)] could not read dos header from C:\WINDOWS\System32\msvcp_win.dll
[0629/172655.443:ERROR:process_memory_win.cc(73)] ReadMemory at 0x7ff977190000 of 64 bytes failed: Only part of a ReadProcessMemory or WriteProcessMemory request was completed. (0x12B)
[0629/172655.443:WARNING:pe_image_reader.cc(340)] could not read dos header from C:\WINDOWS\System32\ucrtbase.dll
[0629/172655.443:ERROR:process_memory_win.cc(73)] ReadMemory at 0x7ff9784e0000 of 64 bytes failed: Only part of a ReadProcessMemory or WriteProcessMemory request was completed. (0x12B)
[0629/172655.443:WARNING:pe_image_reader.cc(340)] could not read dos header from C:\WINDOWS\System32\combase.dll
[0629/172655.444:ERROR:process_memory_win.cc(73)] ReadMemory at 0x7ff977e10000 of 64 bytes failed: Only part of a ReadProcessMemory or WriteProcessMemory request was completed. (0x12B)
[0629/172655.444:WARNING:pe_image_reader.cc(340)] could not read dos header from C:\WINDOWS\System32\WINTRUST.dll
[0629/172655.444:ERROR:process_memory_win.cc(73)] ReadMemory at 0x7ff9770d0000 of 64 bytes failed: Only part of a ReadProcessMemory or WriteProcessMemory request was completed. (0x12B)
[0629/172655.444:WARNING:pe_image_reader.cc(340)] could not read dos header from C:\WINDOWS\System32\MSASN1.dll
[0629/172655.444:ERROR:process_memory_win.cc(73)] ReadMemory at 0x7ff978160000 of 64 bytes failed: Only part of a ReadProcessMemory or WriteProcessMemory request was completed. (0x12B)
[0629/172655.444:WARNING:pe_image_reader.cc(340)] could not read dos header from C:\WINDOWS\System32\CRYPT32.dll
[0629/172655.444:ERROR:process_memory_win.cc(73)] ReadMemory at 0x7ff976640000 of 64 bytes failed: Only part of a ReadProcessMemory or WriteProcessMemory request was completed. (0x12B)
[0629/172655.444:WARNING:pe_image_reader.cc(340)] could not read dos header from C:\WINDOWS\SYSTEM32\IPHLPAPI.DLL
[0629/172655.444:ERROR:process_memory_win.cc(73)] ReadMemory at 0x7ff971d50000 of 64 bytes failed: Only part of a ReadProcessMemory or WriteProcessMemory request was completed. (0x12B)
[0629/172655.444:WARNING:pe_image_reader.cc(340)] could not read dos header from C:\WINDOWS\SYSTEM32\WINMM.dll
[0629/172655.444:ERROR:process_memory_win.cc(73)] ReadMemory at 0x7ff9591c0000 of 64 bytes failed: Only part of a ReadProcessMemory or WriteProcessMemory request was completed. (0x12B)
[0629/172655.444:WARNING:pe_image_reader.cc(340)] could not read dos header from C:\WINDOWS\SYSTEM32\Secur32.dll
[0629/172655.444:ERROR:process_memory_win.cc(73)] ReadMemory at 0x7ff976fe0000 of 64 bytes failed: Only part of a ReadProcessMemory or WriteProcessMemory request was completed. (0x12B)
[0629/172655.444:WARNING:pe_image_reader.cc(340)] could not read dos header from C:\WINDOWS\SYSTEM32\USERENV.dll
[0629/172655.444:ERROR:process_memory_win.cc(73)] ReadMemory at 0x7ff9770f0000 of 64 bytes failed: Only part of a ReadProcessMemory or WriteProcessMemory request was completed. (0x12B)
[0629/172655.444:WARNING:pe_image_reader.cc(340)] could not read dos header from C:\WINDOWS\System32\profapi.dll
[0629/172655.444:ERROR:process_memory_win.cc(73)] ReadMemory at 0x7ff946ae0000 of 64 bytes failed: Only part of a ReadProcessMemory or WriteProcessMemory request was completed. (0x12B)
[0629/172655.444:WARNING:pe_image_reader.cc(340)] could not read dos header from C:\WINDOWS\SYSTEM32\UIAutomationCore.DLL
[0629/172655.444:ERROR:process_memory_win.cc(73)] ReadMemory at 0x7ff950940000 of 64 bytes failed: Only part of a ReadProcessMemory or WriteProcessMemory request was completed. (0x12B)
[0629/172655.444:WARNING:pe_image_reader.cc(340)] could not read dos header from C:\WINDOWS\SYSTEM32\DWrite.dll
[0629/172655.444:ERROR:process_memory_win.cc(73)] ReadMemory at 0x7ff94cfe0000 of 64 bytes failed: Only part of a ReadProcessMemory or WriteProcessMemory request was completed. (0x12B)
[0629/172655.444:WARNING:pe_image_reader.cc(340)] could not read dos header from C:\WINDOWS\SYSTEM32\WINSPOOL.DRV
[0629/172655.444:ERROR:process_memory_win.cc(73)] ReadMemory at 0x7ff977170000 of 64 bytes failed: Only part of a ReadProcessMemory or WriteProcessMemory request was completed. (0x12B)
[0629/172655.444:WARNING:pe_image_reader.cc(340)] could not read dos header from C:\WINDOWS\System32\kernel.appcore.dll
[0629/172655.445:ERROR:process_memory_win.cc(73)] ReadMemory at 0x7ff977de0000 of 64 bytes failed: Only part of a ReadProcessMemory or WriteProcessMemory request was completed. (0x12B)
[0629/172655.445:WARNING:pe_image_reader.cc(340)] could not read dos header from C:\WINDOWS\System32\bcrypt.dll
[0629/172655.445:ERROR:process_memory_win.cc(73)] ReadMemory at 0x7ff975ab0000 of 64 bytes failed: Only part of a ReadProcessMemory or WriteProcessMemory request was completed. (0x12B)
[0629/172655.445:WARNING:pe_image_reader.cc(340)] could not read dos header from C:\WINDOWS\SYSTEM32\dbghelp.dll
[0629/172655.445:ERROR:process_memory_win.cc(73)] ReadMemory at 0x7ff966a70000 of 64 bytes failed: Only part of a ReadProcessMemory or WriteProcessMemory request was completed. (0x12B)
[0629/172655.445:WARNING:pe_image_reader.cc(340)] could not read dos header from C:\WINDOWS\SYSTEM32\WINHTTP.dll
[0629/172655.445:ERROR:process_memory_win.cc(73)] ReadMemory at 0x7ff96c910000 of 64 bytes failed: Only part of a ReadProcessMemory or WriteProcessMemory request was completed. (0x12B)
[0629/172655.445:WARNING:pe_image_reader.cc(340)] could not read dos header from C:\WINDOWS\SYSTEM32\dhcpcsvc.DLL
[0629/172655.445:ERROR:process_memory_win.cc(73)] ReadMemory at 0x7ff9782b0000 of 64 bytes failed: Only part of a ReadProcessMemory or WriteProcessMemory request was completed. (0x12B)
[0629/172655.445:WARNING:pe_image_reader.cc(340)] could not read dos header from C:\WINDOWS\System32\NSI.dll
[0629/172655.445:ERROR:process_memory_win.cc(73)] ReadMemory at 0x7ff971d20000 of 64 bytes failed: Only part of a ReadProcessMemory or WriteProcessMemory request was completed. (0x12B)
[0629/172655.445:WARNING:pe_image_reader.cc(340)] could not read dos header from C:\WINDOWS\SYSTEM32\WINMMBASE.dll
[0629/172655.445:ERROR:process_memory_win.cc(73)] ReadMemory at 0x7ff977290000 of 64 bytes failed: Only part of a ReadProcessMemory or WriteProcessMemory request was completed. (0x12B)
[0629/172655.445:WARNING:pe_image_reader.cc(340)] could not read dos header from C:\WINDOWS\System32\cfgmgr32.dll
[0629/172655.445:ERROR:process_memory_win.cc(73)] ReadMemory at 0x7ff9704a0000 of 64 bytes failed: Only part of a ReadProcessMemory or WriteProcessMemory request was completed. (0x12B)
[0629/172655.445:WARNING:pe_image_reader.cc(340)] could not read dos header from C:\WINDOWS\SYSTEM32\PROPSYS.dll
[0629/172655.445:ERROR:process_memory_win.cc(73)] ReadMemory at 0x7ff978a10000 of 64 bytes failed: Only part of a ReadProcessMemory or WriteProcessMemory request was completed. (0x12B)
[0629/172655.445:WARNING:pe_image_reader.cc(340)] could not read dos header from C:\WINDOWS\System32\shcore.dll
[0629/172655.445:ERROR:process_memory_win.cc(73)] ReadMemory at 0x7ff976fb0000 of 64 bytes failed: Only part of a ReadProcessMemory or WriteProcessMemory request was completed. (0x12B)
[0629/172655.445:WARNING:pe_image_reader.cc(340)] could not read dos header from C:\WINDOWS\SYSTEM32\SSPICLI.DLL
[0629/172655.445:ERROR:process_memory_win.cc(73)] ReadMemory at 0x7ff978d80000 of 64 bytes failed: Only part of a ReadProcessMemory or WriteProcessMemory request was completed. (0x12B)
[0629/172655.445:WARNING:pe_image_reader.cc(340)] could not read dos header from C:\WINDOWS\System32\SHELL32.dll
[0629/172655.445:ERROR:process_memory_win.cc(73)] ReadMemory at 0x7ff977310000 of 64 bytes failed: Only part of a ReadProcessMemory or WriteProcessMemory request was completed. (0x12B)
[0629/172655.445:WARNING:pe_image_reader.cc(340)] could not read dos header from C:\WINDOWS\System32\windows.storage.dll
[0629/172655.446:ERROR:process_memory_win.cc(73)] ReadMemory at 0x7ff977120000 of 64 bytes failed: Only part of a ReadProcessMemory or WriteProcessMemory request was completed. (0x12B)
[0629/172655.446:WARNING:pe_image_reader.cc(340)] could not read dos header from C:\WINDOWS\System32\powrprof.dll
[0629/172655.446:ERROR:process_memory_win.cc(73)] ReadMemory at 0x7ff9770c0000 of 64 bytes failed: Only part of a ReadProcessMemory or WriteProcessMemory request was completed. (0x12B)
[0629/172655.446:WARNING:pe_image_reader.cc(340)] could not read dos header from C:\WINDOWS\System32\UMPDC.dll
[0629/172655.446:ERROR:process_memory_win.cc(73)] ReadMemory at 0x7ff978360000 of 64 bytes failed: Only part of a ReadProcessMemory or WriteProcessMemory request was completed. (0x12B)
[0629/172655.446:WARNING:pe_image_reader.cc(340)] could not read dos header from C:\WINDOWS\System32\shlwapi.dll
[0629/172655.446:ERROR:process_memory_win.cc(73)] ReadMemory at 0x7ff9784b0000 of 64 bytes failed: Only part of a ReadProcessMemory or WriteProcessMemory request was completed. (0x12B)
[0629/172655.446:WARNING:pe_image_reader.cc(340)] could not read dos header from C:\WINDOWS\System32\GDI32.dll
[0629/172655.446:ERROR:process_memory_win.cc(73)] ReadMemory at 0x7ff9772e0000 of 64 bytes failed: Only part of a ReadProcessMemory or WriteProcessMemory request was completed. (0x12B)
[0629/172655.446:WARNING:pe_image_reader.cc(340)] could not read dos header from C:\WINDOWS\System32\win32u.dll
[0629/172655.446:ERROR:process_memory_win.cc(73)] ReadMemory at 0x7ff977e90000 of 64 bytes failed: Only part of a ReadProcessMemory or WriteProcessMemory request was completed. (0x12B)
[0629/172655.446:WARNING:pe_image_reader.cc(340)] could not read dos header from C:\WINDOWS\System32\gdi32full.dll
[0629/172655.446:ERROR:process_memory_win.cc(73)] ReadMemory at 0x7ff979f70000 of 64 bytes failed: Only part of a ReadProcessMemory or WriteProcessMemory request was completed. (0x12B)
[0629/172655.446:WARNING:pe_image_reader.cc(340)] could not read dos header from C:\WINDOWS\System32\USER32.dll
[0629/172655.446:ERROR:process_memory_win.cc(73)] ReadMemory at 0x7ff977e70000 of 64 bytes failed: Only part of a ReadProcessMemory or WriteProcessMemory request was completed. (0x12B)
[0629/172655.446:WARNING:pe_image_reader.cc(340)] could not read dos header from C:\WINDOWS\System32\cryptsp.dll
[0629/172655.446:ERROR:process_memory_win.cc(73)] ReadMemory at 0x7ff979a60000 of 64 bytes failed: Only part of a ReadProcessMemory or WriteProcessMemory request was completed. (0x12B)
[0629/172655.446:WARNING:pe_image_reader.cc(340)] could not read dos header from C:\WINDOWS\System32\IMM32.DLL
[0629/172655.446:ERROR:process_memory_win.cc(73)] ReadMemory at 0x7ff976b00000 of 64 bytes failed: Only part of a ReadProcessMemory or WriteProcessMemory request was completed. (0x12B)
[0629/172655.446:WARNING:pe_image_reader.cc(340)] could not read dos header from C:\WINDOWS\SYSTEM32\CRYPTBASE.DLL
[0629/172655.446:ERROR:process_memory_win.cc(73)] ReadMemory at 0x7ff6c42a0000 of 64 bytes failed: Only part of a ReadProcessMemory or WriteProcessMemory request was completed. (0x12B)
[0629/172655.446:WARNING:pe_image_reader.cc(340)] could not read dos header from C:\Program Files (x86)\Google\Chrome\Application\chrome.exe
[0629/172655.447:ERROR:process_memory_win.cc(73)] ReadMemory at 0x7ff97a200000 of 64 bytes failed: Only part of a ReadProcessMemory or WriteProcessMemory request was completed. (0x12B)
[0629/172655.447:WARNING:pe_image_reader.cc(340)] could not read dos header from C:\WINDOWS\SYSTEM32\ntdll.dll
[0629/172655.447:ERROR:process_memory_win.cc(73)] ReadMemory at 0x7ff9798e0000 of 64 bytes failed: Only part of a ReadProcessMemory or WriteProcessMemory request was completed. (0x12B)
[0629/172655.447:WARNING:pe_image_reader.cc(340)] could not read dos header from C:\WINDOWS\System32\KERNEL32.DLL
[0629/172655.447:ERROR:process_memory_win.cc(73)] ReadMemory at 0x7ff977b30000 of 64 bytes failed: Only part of a ReadProcessMemory or WriteProcessMemory request was completed. (0x12B)
[0629/172655.447:WARNING:pe_image_reader.cc(340)] could not read dos header from C:\WINDOWS\System32\KERNELBASE.dll
[0629/172655.447:ERROR:process_memory_win.cc(73)] ReadMemory at 0x7ff923b10000 of 64 bytes failed: Only part of a ReadProcessMemory or WriteProcessMemory request was completed. (0x12B)
[0629/172655.447:WARNING:pe_image_reader.cc(340)] could not read dos header from C:\Program Files (x86)\Google\Chrome\Application\83.0.4103.116\chrome_elf.dll
[0629/172655.447:ERROR:process_memory_win.cc(73)] ReadMemory at 0x7ff967b20000 of 64 bytes failed: Only part of a ReadProcessMemory or WriteProcessMemory request was completed. (0x12B)
[0629/172655.447:WARNING:pe_image_reader.cc(340)] could not read dos header from C:\WINDOWS\SYSTEM32\VERSION.dll
[0629/172655.447:ERROR:process_memory_win.cc(73)] ReadMemory at 0x7ff978b90000 of 64 bytes failed: Only part of a ReadProcessMemory or WriteProcessMemory request was completed. (0x12B)
[0629/172655.447:WARNING:pe_image_reader.cc(340)] could not read dos header from C:\WINDOWS\System32\msvcrt.dll
[0629/172655.447:ERROR:process_memory_win.cc(73)] ReadMemory at 0x7ff978030000 of 64 bytes failed: Only part of a ReadProcessMemory or WriteProcessMemory request was completed. (0x12B)
[0629/172655.447:WARNING:pe_image_reader.cc(340)] could not read dos header from C:\WINDOWS\System32\bcryptPrimitives.dll
[0629/172655.447:ERROR:process_memory_win.cc(73)] ReadMemory at 0x7ff979c40000 of 64 bytes failed: Only part of a ReadProcessMemory or WriteProcessMemory request was completed. (0x12B)
[0629/172655.447:WARNING:pe_image_reader.cc(340)] could not read dos header from C:\WINDOWS\System32\ADVAPI32.dll
[0629/172655.447:ERROR:process_memory_win.cc(73)] ReadMemory at 0x7ff9782c0000 of 64 bytes failed: Only part of a ReadProcessMemory or WriteProcessMemory request was completed. (0x12B)
[0629/172655.447:WARNING:pe_image_reader.cc(340)] could not read dos header from C:\WINDOWS\System32\sechost.dll
[0629/172655.447:ERROR:process_memory_win.cc(73)] ReadMemory at 0x7ff979cf0000 of 64 bytes failed: Only part of a ReadProcessMemory or WriteProcessMemory request was completed. (0x12B)
[0629/172655.447:WARNING:pe_image_reader.cc(340)] could not read dos header from C:\WINDOWS\System32\RPCRT4.dll
[0629/172655.447:ERROR:process_memory_win.cc(73)] ReadMemory at 0x7ff91ace0000 of 64 bytes failed: Only part of a ReadProcessMemory or WriteProcessMemory request was completed. (0x12B)
[0629/172655.447:WARNING:pe_image_reader.cc(340)] could not read dos header from C:\Program Files (x86)\Google\Chrome\Application\83.0.4103.116\chrome.dll
[0629/172655.447:ERROR:process_memory_win.cc(73)] ReadMemory at 0x7ff978d10000 of 64 bytes failed: Only part of a ReadProcessMemory or WriteProcessMemory request was completed. (0x12B)
[0629/172655.448:WARNING:pe_image_reader.cc(340)] could not read dos header from C:\WINDOWS\System32\WS2_32.dll
[0629/172655.448:ERROR:process_memory_win.cc(73)] ReadMemory at 0x7ff978ac0000 of 64 bytes failed: Only part of a ReadProcessMemory or WriteProcessMemory request was completed. (0x12B)
[0629/172655.448:WARNING:pe_image_reader.cc(340)] could not read dos header from C:\WINDOWS\System32\OLEAUT32.dll
[0629/172655.448:ERROR:process_memory_win.cc(73)] ReadMemory at 0x7ff977a90000 of 64 bytes failed: Only part of a ReadProcessMemory or WriteProcessMemory request was completed. (0x12B)
[0629/172655.448:WARNING:pe_image_reader.cc(340)] could not read dos header from C:\WINDOWS\System32\msvcp_win.dll
[0629/172655.448:ERROR:process_memory_win.cc(73)] ReadMemory at 0x7ff977190000 of 64 bytes failed: Only part of a ReadProcessMemory or WriteProcessMemory request was completed. (0x12B)
[0629/172655.448:WARNING:pe_image_reader.cc(340)] could not read dos header from C:\WINDOWS\System32\ucrtbase.dll
[0629/172655.448:ERROR:process_memory_win.cc(73)] ReadMemory at 0x7ff9784e0000 of 64 bytes failed: Only part of a ReadProcessMemory or WriteProcessMemory request was completed. (0x12B)
[0629/172655.448:WARNING:pe_image_reader.cc(340)] could not read dos header from C:\WINDOWS\System32\combase.dll
[0629/172655.448:ERROR:process_memory_win.cc(73)] ReadMemory at 0x7ff977e10000 of 64 bytes failed: Only part of a ReadProcessMemory or WriteProcessMemory request was completed. (0x12B)
[0629/172655.448:WARNING:pe_image_reader.cc(340)] could not read dos header from C:\WINDOWS\System32\WINTRUST.dll
[0629/172655.448:ERROR:process_memory_win.cc(73)] ReadMemory at 0x7ff9770d0000 of 64 bytes failed: Only part of a ReadProcessMemory or WriteProcessMemory request was completed. (0x12B)
[0629/172655.448:WARNING:pe_image_reader.cc(340)] could not read dos header from C:\WINDOWS\System32\MSASN1.dll
[0629/172655.448:ERROR:process_memory_win.cc(73)] ReadMemory at 0x7ff978160000 of 64 bytes failed: Only part of a ReadProcessMemory or WriteProcessMemory request was completed. (0x12B)
[0629/172655.448:WARNING:pe_image_reader.cc(340)] could not read dos header from C:\WINDOWS\System32\CRYPT32.dll
[0629/172655.448:ERROR:process_memory_win.cc(73)] ReadMemory at 0x7ff976640000 of 64 bytes failed: Only part of a ReadProcessMemory or WriteProcessMemory request was completed. (0x12B)
[0629/172655.448:WARNING:pe_image_reader.cc(340)] could not read dos header from C:\WINDOWS\SYSTEM32\IPHLPAPI.DLL
[0629/172655.448:ERROR:process_memory_win.cc(73)] ReadMemory at 0x7ff971d50000 of 64 bytes failed: Only part of a ReadProcessMemory or WriteProcessMemory request was completed. (0x12B)
[0629/172655.448:WARNING:pe_image_reader.cc(340)] could not read dos header from C:\WINDOWS\SYSTEM32\WINMM.dll
[0629/172655.448:ERROR:process_memory_win.cc(73)] ReadMemory at 0x7ff9591c0000 of 64 bytes failed: Only part of a ReadProcessMemory or WriteProcessMemory request was completed. (0x12B)
[0629/172655.448:WARNING:pe_image_reader.cc(340)] could not read dos header from C:\WINDOWS\SYSTEM32\Secur32.dll
[0629/172655.448:ERROR:process_memory_win.cc(73)] ReadMemory at 0x7ff976fe0000 of 64 bytes failed: Only part of a ReadProcessMemory or WriteProcessMemory request was completed. (0x12B)
[0629/172655.449:WARNING:pe_image_reader.cc(340)] could not read dos header from C:\WINDOWS\SYSTEM32\USERENV.dll
[0629/172655.449:ERROR:process_memory_win.cc(73)] ReadMemory at 0x7ff9770f0000 of 64 bytes failed: Only part of a ReadProcessMemory or WriteProcessMemory request was completed. (0x12B)
[0629/172655.449:WARNING:pe_image_reader.cc(340)] could not read dos header from C:\WINDOWS\System32\profapi.dll
[0629/172655.449:ERROR:process_memory_win.cc(73)] ReadMemory at 0x7ff946ae0000 of 64 bytes failed: Only part of a ReadProcessMemory or WriteProcessMemory request was completed. (0x12B)
[0629/172655.449:WARNING:pe_image_reader.cc(340)] could not read dos header from C:\WINDOWS\SYSTEM32\UIAutomationCore.DLL
[0629/172655.449:ERROR:process_memory_win.cc(73)] ReadMemory at 0x7ff950940000 of 64 bytes failed: Only part of a ReadProcessMemory or WriteProcessMemory request was completed. (0x12B)
[0629/172655.449:WARNING:pe_image_reader.cc(340)] could not read dos header from C:\WINDOWS\SYSTEM32\DWrite.dll
[0629/172655.449:ERROR:process_memory_win.cc(73)] ReadMemory at 0x7ff94cfe0000 of 64 bytes failed: Only part of a ReadProcessMemory or WriteProcessMemory request was completed. (0x12B)
[0629/172655.449:WARNING:pe_image_reader.cc(340)] could not read dos header from C:\WINDOWS\SYSTEM32\WINSPOOL.DRV
[0629/172655.449:ERROR:process_memory_win.cc(73)] ReadMemory at 0x7ff977170000 of 64 bytes failed: Only part of a ReadProcessMemory or WriteProcessMemory request was completed. (0x12B)
[0629/172655.449:WARNING:pe_image_reader.cc(340)] could not read dos header from C:\WINDOWS\System32\kernel.appcore.dll
[0629/172655.449:ERROR:process_memory_win.cc(73)] ReadMemory at 0x7ff977de0000 of 64 bytes failed: Only part of a ReadProcessMemory or WriteProcessMemory request was completed. (0x12B)
[0629/172655.449:WARNING:pe_image_reader.cc(340)] could not read dos header from C:\WINDOWS\System32\bcrypt.dll
[0629/172655.449:ERROR:process_memory_win.cc(73)] ReadMemory at 0x7ff975ab0000 of 64 bytes failed: Only part of a ReadProcessMemory or WriteProcessMemory request was completed. (0x12B)
[0629/172655.449:WARNING:pe_image_reader.cc(340)] could not read dos header from C:\WINDOWS\SYSTEM32\dbghelp.dll
[0629/172655.449:ERROR:process_memory_win.cc(73)] ReadMemory at 0x7ff966a70000 of 64 bytes failed: Only part of a ReadProcessMemory or WriteProcessMemory request was completed. (0x12B)
[0629/172655.449:WARNING:pe_image_reader.cc(340)] could not read dos header from C:\WINDOWS\SYSTEM32\WINHTTP.dll
[0629/172655.449:ERROR:process_memory_win.cc(73)] ReadMemory at 0x7ff96c910000 of 64 bytes failed: Only part of a ReadProcessMemory or WriteProcessMemory request was completed. (0x12B)
[0629/172655.449:WARNING:pe_image_reader.cc(340)] could not read dos header from C:\WINDOWS\SYSTEM32\dhcpcsvc.DLL
[0629/172655.449:ERROR:process_memory_win.cc(73)] ReadMemory at 0x7ff9782b0000 of 64 bytes failed: Only part of a ReadProcessMemory or WriteProcessMemory request was completed. (0x12B)
[0629/172655.449:WARNING:pe_image_reader.cc(340)] could not read dos header from C:\WINDOWS\System32\NSI.dll
[0629/172655.449:ERROR:process_memory_win.cc(73)] ReadMemory at 0x7ff971d20000 of 64 bytes failed: Only part of a ReadProcessMemory or WriteProcessMemory request was completed. (0x12B)
[0629/172655.449:WARNING:pe_image_reader.cc(340)] could not read dos header from C:\WINDOWS\SYSTEM32\WINMMBASE.dll
[0629/172655.450:ERROR:process_memory_win.cc(73)] ReadMemory at 0x7ff977290000 of 64 bytes failed: Only part of a ReadProcessMemory or WriteProcessMemory request was completed. (0x12B)
[0629/172655.450:WARNING:pe_image_reader.cc(340)] could not read dos header from C:\WINDOWS\System32\cfgmgr32.dll
[0629/172655.450:ERROR:process_memory_win.cc(73)] ReadMemory at 0x7ff9704a0000 of 64 bytes failed: Only part of a ReadProcessMemory or WriteProcessMemory request was completed. (0x12B)
[0629/172655.450:WARNING:pe_image_reader.cc(340)] could not read dos header from C:\WINDOWS\SYSTEM32\PROPSYS.dll
[0629/172655.450:ERROR:process_memory_win.cc(73)] ReadMemory at 0x7ff978a10000 of 64 bytes failed: Only part of a ReadProcessMemory or WriteProcessMemory request was completed. (0x12B)
[0629/172655.450:WARNING:pe_image_reader.cc(340)] could not read dos header from C:\WINDOWS\System32\shcore.dll
[0629/172655.450:ERROR:process_memory_win.cc(73)] ReadMemory at 0x7ff976fb0000 of 64 bytes failed: Only part of a ReadProcessMemory or WriteProcessMemory request was completed. (0x12B)
[0629/172655.450:WARNING:pe_image_reader.cc(340)] could not read dos header from C:\WINDOWS\SYSTEM32\SSPICLI.DLL
[0629/172655.450:ERROR:process_memory_win.cc(73)] ReadMemory at 0x7ff978d80000 of 64 bytes failed: Only part of a ReadProcessMemory or WriteProcessMemory request was completed. (0x12B)
[0629/172655.450:WARNING:pe_image_reader.cc(340)] could not read dos header from C:\WINDOWS\System32\SHELL32.dll
[0629/172655.450:ERROR:process_memory_win.cc(73)] ReadMemory at 0x7ff977310000 of 64 bytes failed: Only part of a ReadProcessMemory or WriteProcessMemory request was completed. (0x12B)
[0629/172655.450:WARNING:pe_image_reader.cc(340)] could not read dos header from C:\WINDOWS\System32\windows.storage.dll
[0629/172655.450:ERROR:process_memory_win.cc(73)] ReadMemory at 0x7ff977120000 of 64 bytes failed: Only part of a ReadProcessMemory or WriteProcessMemory request was completed. (0x12B)
[0629/172655.450:WARNING:pe_image_reader.cc(340)] could not read dos header from C:\WINDOWS\System32\powrprof.dll
[0629/172655.450:ERROR:process_memory_win.cc(73)] ReadMemory at 0x7ff9770c0000 of 64 bytes failed: Only part of a ReadProcessMemory or WriteProcessMemory request was completed. (0x12B)
[0629/172655.450:WARNING:pe_image_reader.cc(340)] could not read dos header from C:\WINDOWS\System32\UMPDC.dll
[0629/172655.450:ERROR:process_memory_win.cc(73)] ReadMemory at 0x7ff978360000 of 64 bytes failed: Only part of a ReadProcessMemory or WriteProcessMemory request was completed. (0x12B)
[0629/172655.450:WARNING:pe_image_reader.cc(340)] could not read dos header from C:\WINDOWS\System32\shlwapi.dll
[0629/172655.450:ERROR:process_memory_win.cc(73)] ReadMemory at 0x7ff9784b0000 of 64 bytes failed: Only part of a ReadProcessMemory or WriteProcessMemory request was completed. (0x12B)
[0629/172655.450:WARNING:pe_image_reader.cc(340)] could not read dos header from C:\WINDOWS\System32\GDI32.dll
[0629/172655.450:ERROR:process_memory_win.cc(73)] ReadMemory at 0x7ff9772e0000 of 64 bytes failed: Only part of a ReadProcessMemory or WriteProcessMemory request was completed. (0x12B)
[0629/172655.450:WARNING:pe_image_reader.cc(340)] could not read dos header from C:\WINDOWS\System32\win32u.dll
[0629/172655.451:ERROR:process_memory_win.cc(73)] ReadMemory at 0x7ff977e90000 of 64 bytes failed: Only part of a ReadProcessMemory or WriteProcessMemory request was completed. (0x12B)
[0629/172655.451:WARNING:pe_image_reader.cc(340)] could not read dos header from C:\WINDOWS\System32\gdi32full.dll
[0629/172655.451:ERROR:process_memory_win.cc(73)] ReadMemory at 0x7ff979f70000 of 64 bytes failed: Only part of a ReadProcessMemory or WriteProcessMemory request was completed. (0x12B)
[0629/172655.451:WARNING:pe_image_reader.cc(340)] could not read dos header from C:\WINDOWS\System32\USER32.dll
[0629/172655.451:ERROR:process_memory_win.cc(73)] ReadMemory at 0x7ff977e70000 of 64 bytes failed: Only part of a ReadProcessMemory or WriteProcessMemory request was completed. (0x12B)
[0629/172655.451:WARNING:pe_image_reader.cc(340)] could not read dos header from C:\WINDOWS\System32\cryptsp.dll
[0629/172655.451:ERROR:process_memory_win.cc(73)] ReadMemory at 0x7ff979a60000 of 64 bytes failed: Only part of a ReadProcessMemory or WriteProcessMemory request was completed. (0x12B)
[0629/172655.451:WARNING:pe_image_reader.cc(340)] could not read dos header from C:\WINDOWS\System32\IMM32.DLL
[0629/172655.451:ERROR:process_memory_win.cc(73)] ReadMemory at 0x7ff976b00000 of 64 bytes failed: Only part of a ReadProcessMemory or WriteProcessMemory request was completed. (0x12B)
[0629/172655.451:WARNING:pe_image_reader.cc(340)] could not read dos header from C:\WINDOWS\SYSTEM32\CRYPTBASE.DLL
[0629/172655.465:ERROR:process_memory_win.cc(73)] ReadMemory at 0x2efcde8000 of 98304 bytes failed: Only part of a ReadProcessMemory or WriteProcessMemory request was completed. (0x12B)
[0629/172655.465:ERROR:process_memory_win.cc(73)] ReadMemory at 0x2efd5fd000 of 12288 bytes failed: Only part of a ReadProcessMemory or WriteProcessMemory request was completed. (0x12B)
[0629/172655.465:ERROR:process_memory_win.cc(73)] ReadMemory at 0x2efe5fc000 of 16384 bytes failed: Only part of a ReadProcessMemory or WriteProcessMemory request was completed. (0x12B)
[0629/172655.465:ERROR:process_memory_win.cc(73)] ReadMemory at 0x2efedfc000 of 16384 bytes failed: Only part of a ReadProcessMemory or WriteProcessMemory request was completed. (0x12B)
[0629/172655.465:ERROR:process_memory_win.cc(73)] ReadMemory at 0x2eff5fe000 of 8192 bytes failed: Only part of a ReadProcessMemory or WriteProcessMemory request was completed. (0x12B)
[0629/172655.466:ERROR:process_memory_win.cc(73)] ReadMemory at 0x2effdfd000 of 12288 bytes failed: Only part of a ReadProcessMemory or WriteProcessMemory request was completed. (0x12B)
[0629/172655.466:ERROR:process_memory_win.cc(73)] ReadMemory at 0x2e807fb000 of 20480 bytes failed: Only part of a ReadProcessMemory or WriteProcessMemory request was completed. (0x12B)
[0629/172655.466:ERROR:process_memory_win.cc(73)] ReadMemory at 0x2e80ffd000 of 12288 bytes failed: Only part of a ReadProcessMemory or WriteProcessMemory request was completed. (0x12B)
[0629/172655.466:ERROR:process_memory_win.cc(73)] ReadMemory at 0x2e817f6000 of 40960 bytes failed: Only part of a ReadProcessMemory or WriteProcessMemory request was completed. (0x12B)
[0629/172655.466:ERROR:process_memory_win.cc(73)] ReadMemory at 0x2e81ff7000 of 36864 bytes failed: Only part of a ReadProcessMemory or WriteProcessMemory request was completed. (0x12B)
[0629/172655.466:ERROR:process_memory_win.cc(73)] ReadMemory at 0x2e827fd000 of 12288 bytes failed: Only part of a ReadProcessMemory or WriteProcessMemory request was completed. (0x12B)
[0629/172655.466:ERROR:process_memory_win.cc(73)] ReadMemory at 0x2e82ffd000 of 12288 bytes failed: Only part of a ReadProcessMemory or WriteProcessMemory request was completed. (0x12B)
[0629/172655.466:ERROR:process_memory_win.cc(73)] ReadMemory at 0x2e84ffc000 of 16384 bytes failed: Only part of a ReadProcessMemory or WriteProcessMemory request was completed. (0x12B)
[0629/172655.466:ERROR:process_memory_win.cc(73)] ReadMemory at 0x2e837fd000 of 12288 bytes failed: Only part of a ReadProcessMemory or WriteProcessMemory request was completed. (0x12B)
[0629/172655.466:ERROR:process_memory_win.cc(73)] ReadMemory at 0x2efc40c000 of 6024 bytes failed: Only part of a ReadProcessMemory or WriteProcessMemory request was completed. (0x12B)
[0629/172655.466:ERROR:process_memory_win.cc(73)] ReadMemory at 0x2efc5cb000 of 852 bytes failed: Only part of a ReadProcessMemory or WriteProcessMemory request was completed. (0x12B)
[0629/172655.466:ERROR:process_memory_win.cc(73)] ReadMemory at 0x2efc5cc000 of 6024 bytes failed: Only part of a ReadProcessMemory or WriteProcessMemory request was completed. (0x12B)
[0629/172655.466:ERROR:process_memory_win.cc(73)] ReadMemory at 0x2efc5ce000 of 6024 bytes failed: Only part of a ReadProcessMemory or WriteProcessMemory request was completed. (0x12B)
[0629/172655.466:ERROR:process_memory_win.cc(73)] ReadMemory at 0x2efc5d2000 of 6024 bytes failed: Only part of a ReadProcessMemory or WriteProcessMemory request was completed. (0x12B)
[0629/172655.467:ERROR:process_memory_win.cc(73)] ReadMemory at 0x2efc5d4000 of 6024 bytes failed: Only part of a ReadProcessMemory or WriteProcessMemory request was completed. (0x12B)
[0629/172655.467:ERROR:process_memory_win.cc(73)] ReadMemory at 0x2efc5d6000 of 6024 bytes failed: Only part of a ReadProcessMemory or WriteProcessMemory request was completed. (0x12B)
[0629/172655.467:ERROR:process_memory_win.cc(73)] ReadMemory at 0x2efc5d8000 of 6024 bytes failed: Only part of a ReadProcessMemory or WriteProcessMemory request was completed. (0x12B)
[0629/172655.467:ERROR:process_memory_win.cc(73)] ReadMemory at 0x2efc5da000 of 6024 bytes failed: Only part of a ReadProcessMemory or WriteProcessMemory request was completed. (0x12B)
[0629/172655.467:ERROR:process_memory_win.cc(73)] ReadMemory at 0x2efc5dc000 of 6024 bytes failed: Only part of a ReadProcessMemory or WriteProcessMemory request was completed. (0x12B)
[0629/172655.467:ERROR:process_memory_win.cc(73)] ReadMemory at 0x2efc5de000 of 6024 bytes failed: Only part of a ReadProcessMemory or WriteProcessMemory request was completed. (0x12B)
[0629/172655.467:ERROR:process_memory_win.cc(73)] ReadMemory at 0x2efc5e0000 of 6024 bytes failed: Only part of a ReadProcessMemory or WriteProcessMemory request was completed. (0x12B)
[0629/172655.467:ERROR:process_memory_win.cc(73)] ReadMemory at 0x2efc5e2000 of 6024 bytes failed: Only part of a ReadProcessMemory or WriteProcessMemory request was completed. (0x12B)
[0629/172655.467:ERROR:process_memory_win.cc(73)] ReadMemory at 0x2efc5f0000 of 6024 bytes failed: Only part of a ReadProcessMemory or WriteProcessMemory request was completed. (0x12B)
[0629/172655.467:ERROR:process_memory_win.cc(73)] ReadMemory at 0x2efc5fa000 of 6024 bytes failed: Only part of a ReadProcessMemory or WriteProcessMemory request was completed. (0x12B)
[0629/172655.467:ERROR:process_memory_win.cc(73)] ReadMemory at 0x1b7d3250750 of 80 bytes failed: Only part of a ReadProcessMemory or WriteProcessMemory request was completed. (0x12B)
[0629/172655.467:ERROR:process_memory_win.cc(73)] ReadMemory at 0x1b7d3250fe0 of 5666 bytes failed: Only part of a ReadProcessMemory or WriteProcessMemory request was completed. (0x12B)
[0629/172655.467:ERROR:process_memory_win.cc(73)] ReadMemory at 0x1b7d3252610 of 1012 bytes failed: Only part of a ReadProcessMemory or WriteProcessMemory request was completed. (0x12B)
[0629/172655.467:ERROR:process_memory_win.cc(73)] ReadMemory at 0x1b7d3252c58 of 118 bytes failed: Only part of a ReadProcessMemory or WriteProcessMemory request was completed. (0x12B)
[0629/172655.467:ERROR:process_memory_win.cc(73)] ReadMemory at 0x1b7d3252cd0 of 1270 bytes failed: Only part of a ReadProcessMemory or WriteProcessMemory request was completed. (0x12B)
[0629/172655.467:ERROR:process_memory_win.cc(73)] ReadMemory at 0x1b7d32531c8 of 118 bytes failed: Only part of a ReadProcessMemory or WriteProcessMemory request was completed. (0x12B)
[0629/172655.468:ERROR:process_memory_win.cc(73)] ReadMemory at 0x1b7d3253240 of 100 bytes failed: Only part of a ReadProcessMemory or WriteProcessMemory request was completed. (0x12B)
[0629/172655.468:ERROR:process_memory_win.cc(73)] ReadMemory at 0x1b7d32532b0 of 58 bytes failed: Only part of a ReadProcessMemory or WriteProcessMemory request was completed. (0x12B)
[0629/172655.468:ERROR:process_memory_win.cc(73)] ReadMemory at 0x1b7d32533b0 of 132 bytes failed: Only part of a ReadProcessMemory or WriteProcessMemory request was completed. (0x12B)
[0629/172655.468:ERROR:process_memory_win.cc(73)] ReadMemory at 0x1b7d3253540 of 132 bytes failed: Only part of a ReadProcessMemory or WriteProcessMemory request was completed. (0x12B)
[0629/172655.468:ERROR:process_memory_win.cc(73)] ReadMemory at 0x1b7d3253700 of 126 bytes failed: Only part of a ReadProcessMemory or WriteProcessMemory request was completed. (0x12B)
[0629/172655.468:ERROR:process_memory_win.cc(73)] ReadMemory at 0x1b7d3253ae0 of 132 bytes failed: Only part of a ReadProcessMemory or WriteProcessMemory request was completed. (0x12B)
[0629/172655.468:ERROR:process_memory_win.cc(73)] ReadMemory at 0x1b7d3253c70 of 64 bytes failed: Only part of a ReadProcessMemory or WriteProcessMemory request was completed. (0x12B)
[0629/172655.468:ERROR:process_memory_win.cc(73)] ReadMemory at 0x1b7d3253e30 of 132 bytes failed: Only part of a ReadProcessMemory or WriteProcessMemory request was completed. (0x12B)
[0629/172655.468:ERROR:process_memory_win.cc(73)] ReadMemory at 0x1b7d32540d0 of 132 bytes failed: Only part of a ReadProcessMemory or WriteProcessMemory request was completed. (0x12B)
[0629/172655.468:ERROR:process_memory_win.cc(73)] ReadMemory at 0x1b7d3254260 of 68 bytes failed: Only part of a ReadProcessMemory or WriteProcessMemory request was completed. (0x12B)
[0629/172655.468:ERROR:process_memory_win.cc(73)] ReadMemory at 0x1b7d3255430 of 132 bytes failed: Only part of a ReadProcessMemory or WriteProcessMemory request was completed. (0x12B)
[0629/172655.468:ERROR:process_memory_win.cc(73)] ReadMemory at 0x1b7d32555c0 of 154 bytes failed: Only part of a ReadProcessMemory or WriteProcessMemory request was completed. (0x12B)
[0629/172655.468:ERROR:process_memory_win.cc(73)] ReadMemory at 0x1b7d3256300 of 132 bytes failed: Only part of a ReadProcessMemory or WriteProcessMemory request was completed. (0x12B)
[0629/172655.468:ERROR:process_memory_win.cc(73)] ReadMemory at 0x1b7d3256590 of 132 bytes failed: Only part of a ReadProcessMemory or WriteProcessMemory request was completed. (0x12B)
[0629/172655.468:ERROR:process_memory_win.cc(73)] ReadMemory at 0x1b7d3256d00 of 62 bytes failed: Only part of a ReadProcessMemory or WriteProcessMemory request was completed. (0x12B)
[0629/172655.468:ERROR:process_memory_win.cc(73)] ReadMemory at 0x1b7d3256d50 of 132 bytes failed: Only part of a ReadProcessMemory or WriteProcessMemory request was completed. (0x12B)
[0629/172655.468:ERROR:process_memory_win.cc(73)] ReadMemory at 0x1b7d3256ef0 of 60 bytes failed: Only part of a ReadProcessMemory or WriteProcessMemory request was completed. (0x12B)
[0629/172655.469:ERROR:process_memory_win.cc(73)] ReadMemory at 0x1b7d3258940 of 132 bytes failed: Only part of a ReadProcessMemory or WriteProcessMemory request was completed. (0x12B)
[0629/172655.469:ERROR:process_memory_win.cc(73)] ReadMemory at 0x1b7d325b980 of 66 bytes failed: Only part of a ReadProcessMemory or WriteProcessMemory request was completed. (0x12B)
[0629/172655.469:ERROR:process_memory_win.cc(73)] ReadMemory at 0x1b7d325b9d0 of 64 bytes failed: Only part of a ReadProcessMemory or WriteProcessMemory request was completed. (0x12B)
[0629/172655.469:ERROR:process_memory_win.cc(73)] ReadMemory at 0x1b7d325ba20 of 60 bytes failed: Only part of a ReadProcessMemory or WriteProcessMemory request was completed. (0x12B)
[0629/172655.469:ERROR:process_memory_win.cc(73)] ReadMemory at 0x1b7d325ba70 of 62 bytes failed: Only part of a ReadProcessMemory or WriteProcessMemory request was completed. (0x12B)
[0629/172655.469:ERROR:process_memory_win.cc(73)] ReadMemory at 0x1b7d325bc00 of 64 bytes failed: Only part of a ReadProcessMemory or WriteProcessMemory request was completed. (0x12B)
[0629/172655.469:ERROR:process_memory_win.cc(73)] ReadMemory at 0x1b7d325bde0 of 60 bytes failed: Only part of a ReadProcessMemory or WriteProcessMemory request was completed. (0x12B)
[0629/172655.469:ERROR:process_memory_win.cc(73)] ReadMemory at 0x1b7d325be80 of 64 bytes failed: Only part of a ReadProcessMemory or WriteProcessMemory request was completed. (0x12B)
[0629/172655.469:ERROR:process_memory_win.cc(73)] ReadMemory at 0x1b7d325bed0 of 62 bytes failed: Only part of a ReadProcessMemory or WriteProcessMemory request was completed. (0x12B)
[0629/172655.469:ERROR:process_memory_win.cc(73)] ReadMemory at 0x1b7d325bf70 of 64 bytes failed: Only part of a ReadProcessMemory or WriteProcessMemory request was completed. (0x12B)
[0629/172655.469:ERROR:process_memory_win.cc(73)] ReadMemory at 0x1b7d325c220 of 132 bytes failed: Only part of a ReadProcessMemory or WriteProcessMemory request was completed. (0x12B)
[0629/172655.469:ERROR:process_memory_win.cc(73)] ReadMemory at 0x1b7d325c350 of 132 bytes failed: Only part of a ReadProcessMemory or WriteProcessMemory request was completed. (0x12B)
[0629/172655.469:ERROR:process_memory_win.cc(73)] ReadMemory at 0x1b7d325c570 of 132 bytes failed: Only part of a ReadProcessMemory or WriteProcessMemory request was completed. (0x12B)
[0629/172655.469:ERROR:process_memory_win.cc(73)] ReadMemory at 0x1b7d325c8d0 of 132 bytes failed: Only part of a ReadProcessMemory or WriteProcessMemory request was completed. (0x12B)
[0629/172655.469:ERROR:process_memory_win.cc(73)] ReadMemory at 0x1b7d325d2f0 of 132 bytes failed: Only part of a ReadProcessMemory or WriteProcessMemory request was completed. (0x12B)
[0629/172655.469:ERROR:process_memory_win.cc(73)] ReadMemory at 0x1b7d325d620 of 132 bytes failed: Only part of a ReadProcessMemory or WriteProcessMemory request was completed. (0x12B)
[0629/172655.470:ERROR:process_memory_win.cc(73)] ReadMemory at 0x1b7d325d750 of 132 bytes failed: Only part of a ReadProcessMemory or WriteProcessMemory request was completed. (0x12B)
[0629/172655.470:ERROR:process_memory_win.cc(73)] ReadMemory at 0x1b7d325d880 of 132 bytes failed: Only part of a ReadProcessMemory or WriteProcessMemory request was completed. (0x12B)
[0629/172655.470:ERROR:process_memory_win.cc(73)] ReadMemory at 0x1b7d325d9b0 of 132 bytes failed: Only part of a ReadProcessMemory or WriteProcessMemory request was completed. (0x12B)
[0629/172655.470:ERROR:process_memory_win.cc(73)] ReadMemory at 0x1b7d325dae0 of 132 bytes failed: Only part of a ReadProcessMemory or WriteProcessMemory request was completed. (0x12B)
[0629/172655.470:ERROR:process_memory_win.cc(73)] ReadMemory at 0x1b7d325dc10 of 132 bytes failed: Only part of a ReadProcessMemory or WriteProcessMemory request was completed. (0x12B)
[0629/172655.470:ERROR:process_memory_win.cc(73)] ReadMemory at 0x1b7d325dd40 of 132 bytes failed: Only part of a ReadProcessMemory or WriteProcessMemory request was completed. (0x12B)
[0629/172655.470:ERROR:process_memory_win.cc(73)] ReadMemory at 0x1b7d325de70 of 132 bytes failed: Only part of a ReadProcessMemory or WriteProcessMemory request was completed. (0x12B)
[0629/172655.470:ERROR:process_memory_win.cc(73)] ReadMemory at 0x1b7d325e0d0 of 132 bytes failed: Only part of a ReadProcessMemory or WriteProcessMemory request was completed. (0x12B)
[0629/172655.470:ERROR:process_memory_win.cc(73)] ReadMemory at 0x1b7d325e200 of 132 bytes failed: Only part of a ReadProcessMemory or WriteProcessMemory request was completed. (0x12B)
[0629/172655.470:ERROR:process_memory_win.cc(73)] ReadMemory at 0x1b7d325e330 of 132 bytes failed: Only part of a ReadProcessMemory or WriteProcessMemory request was completed. (0x12B)
[0629/172655.470:ERROR:process_memory_win.cc(73)] ReadMemory at 0x1b7d325e460 of 132 bytes failed: Only part of a ReadProcessMemory or WriteProcessMemory request was completed. (0x12B)
[0629/172655.470:ERROR:process_memory_win.cc(73)] ReadMemory at 0x1b7d3260c20 of 132 bytes failed: Only part of a ReadProcessMemory or WriteProcessMemory request was completed. (0x12B)
[0629/172655.470:ERROR:process_memory_win.cc(73)] ReadMemory at 0x1b7d32621f0 of 146 bytes failed: Only part of a ReadProcessMemory or WriteProcessMemory request was completed. (0x12B)
[0629/172655.470:ERROR:process_memory_win.cc(73)] ReadMemory at 0x1b7d3264920 of 54 bytes failed: Only part of a ReadProcessMemory or WriteProcessMemory request was completed. (0x12B)
[0629/172655.470:ERROR:process_memory_win.cc(73)] ReadMemory at 0x1b7d3264e40 of 132 bytes failed: Only part of a ReadProcessMemory or WriteProcessMemory request was completed. (0x12B)
[0629/172655.471:ERROR:process_memory_win.cc(73)] ReadMemory at 0x1b7d32656e0 of 78 bytes failed: Only part of a ReadProcessMemory or WriteProcessMemory request was completed. (0x12B)
[0629/172655.471:ERROR:process_memory_win.cc(73)] ReadMemory at 0x1b7d32659e0 of 76 bytes failed: Only part of a ReadProcessMemory or WriteProcessMemory request was completed. (0x12B)
[0629/172655.471:ERROR:process_memory_win.cc(73)] ReadMemory at 0x1b7d3265b00 of 80 bytes failed: Only part of a ReadProcessMemory or WriteProcessMemory request was completed. (0x12B)
[0629/172655.471:ERROR:process_memory_win.cc(73)] ReadMemory at 0x1b7d3265fd0 of 62 bytes failed: Only part of a ReadProcessMemory or WriteProcessMemory request was completed. (0x12B)
[0629/172655.471:ERROR:process_memory_win.cc(73)] ReadMemory at 0x1b7d3266020 of 62 bytes failed: Only part of a ReadProcessMemory or WriteProcessMemory request was completed. (0x12B)
[0629/172655.471:ERROR:process_memory_win.cc(73)] ReadMemory at 0x1b7d3266160 of 62 bytes failed: Only part of a ReadProcessMemory or WriteProcessMemory request was completed. (0x12B)
[0629/172655.471:ERROR:process_memory_win.cc(73)] ReadMemory at 0x1b7d32661b0 of 62 bytes failed: Only part of a ReadProcessMemory or WriteProcessMemory request was completed. (0x12B)
[0629/172655.471:ERROR:process_memory_win.cc(73)] ReadMemory at 0x1b7d3266250 of 62 bytes failed: Only part of a ReadProcessMemory or WriteProcessMemory request was completed. (0x12B)
[0629/172655.471:ERROR:process_memory_win.cc(73)] ReadMemory at 0x1b7d32664d0 of 60 bytes failed: Only part of a ReadProcessMemory or WriteProcessMemory request was completed. (0x12B)
[0629/172655.471:ERROR:process_memory_win.cc(73)] ReadMemory at 0x1b7d3266660 of 62 bytes failed: Only part of a ReadProcessMemory or WriteProcessMemory request was completed. (0x12B)
[0629/172655.471:ERROR:process_memory_win.cc(73)] ReadMemory at 0x1b7d32667a0 of 58 bytes failed: Only part of a ReadProcessMemory or WriteProcessMemory request was completed. (0x12B)
[0629/172655.471:ERROR:process_memory_win.cc(73)] ReadMemory at 0x1b7d3266890 of 64 bytes failed: Only part of a ReadProcessMemory or WriteProcessMemory request was completed. (0x12B)
[0629/172655.471:ERROR:process_memory_win.cc(73)] ReadMemory at 0x1b7d32669d0 of 64 bytes failed: Only part of a ReadProcessMemory or WriteProcessMemory request was completed. (0x12B)
[0629/172655.471:ERROR:process_memory_win.cc(73)] ReadMemory at 0x1b7d3266ac0 of 66 bytes failed: Only part of a ReadProcessMemory or WriteProcessMemory request was completed. (0x12B)
[0629/172655.471:ERROR:process_memory_win.cc(73)] ReadMemory at 0x1b7d3266b10 of 60 bytes failed: Only part of a ReadProcessMemory or WriteProcessMemory request was completed. (0x12B)
[0629/172655.471:ERROR:process_memory_win.cc(73)] ReadMemory at 0x1b7d3266b60 of 64 bytes failed: Only part of a ReadProcessMemory or WriteProcessMemory request was completed. (0x12B)
[0629/172655.471:ERROR:process_memory_win.cc(73)] ReadMemory at 0x1b7d3266bb0 of 60 bytes failed: Only part of a ReadProcessMemory or WriteProcessMemory request was completed. (0x12B)
[0629/172655.472:ERROR:process_memory_win.cc(73)] ReadMemory at 0x1b7d3266c00 of 62 bytes failed: Only part of a ReadProcessMemory or WriteProcessMemory request was completed. (0x12B)
[0629/172655.472:ERROR:process_memory_win.cc(73)] ReadMemory at 0x1b7d3266c50 of 64 bytes failed: Only part of a ReadProcessMemory or WriteProcessMemory request was completed. (0x12B)
[0629/172655.472:ERROR:process_memory_win.cc(73)] ReadMemory at 0x1b7d3266ed0 of 60 bytes failed: Only part of a ReadProcessMemory or WriteProcessMemory request was completed. (0x12B)
[0629/172655.472:ERROR:process_memory_win.cc(73)] ReadMemory at 0x1b7d3266f20 of 62 bytes failed: Only part of a ReadProcessMemory or WriteProcessMemory request was completed. (0x12B)
[0629/172655.472:ERROR:process_memory_win.cc(73)] ReadMemory at 0x1b7d32672e0 of 132 bytes failed: Only part of a ReadProcessMemory or WriteProcessMemory request was completed. (0x12B)
[0629/172655.472:ERROR:process_memory_win.cc(73)] ReadMemory at 0x1b7d3267540 of 132 bytes failed: Only part of a ReadProcessMemory or WriteProcessMemory request was completed. (0x12B)
[0629/172655.472:ERROR:process_memory_win.cc(73)] ReadMemory at 0x1b7d3267670 of 132 bytes failed: Only part of a ReadProcessMemory or WriteProcessMemory request was completed. (0x12B)
[0629/172655.472:ERROR:process_memory_win.cc(73)] ReadMemory at 0x1b7d32677a0 of 132 bytes failed: Only part of a ReadProcessMemory or WriteProcessMemory request was completed. (0x12B)
[0629/172655.472:ERROR:process_memory_win.cc(73)] ReadMemory at 0x1b7d32678d0 of 132 bytes failed: Only part of a ReadProcessMemory or WriteProcessMemory request was completed. (0x12B)
[0629/172655.472:ERROR:process_memory_win.cc(73)] ReadMemory at 0x1b7d3267a00 of 132 bytes failed: Only part of a ReadProcessMemory or WriteProcessMemory request was completed. (0x12B)
[0629/172655.472:ERROR:process_memory_win.cc(73)] ReadMemory at 0x1b7d3267b30 of 132 bytes failed: Only part of a ReadProcessMemory or WriteProcessMemory request was completed. (0x12B)
[0629/172655.472:ERROR:process_memory_win.cc(73)] ReadMemory at 0x1b7d3267c60 of 132 bytes failed: Only part of a ReadProcessMemory or WriteProcessMemory request was completed. (0x12B)
[0629/172655.472:ERROR:process_memory_win.cc(73)] ReadMemory at 0x1b7d3267d90 of 132 bytes failed: Only part of a ReadProcessMemory or WriteProcessMemory request was completed. (0x12B)
[0629/172655.472:ERROR:process_memory_win.cc(73)] ReadMemory at 0x1b7d3267ec0 of 132 bytes failed: Only part of a ReadProcessMemory or WriteProcessMemory request was completed. (0x12B)
[0629/172655.472:ERROR:process_memory_win.cc(73)] ReadMemory at 0x1b7d3267ff0 of 132 bytes failed: Only part of a ReadProcessMemory or WriteProcessMemory request was completed. (0x12B)
[0629/172655.472:ERROR:process_memory_win.cc(73)] ReadMemory at 0x1b7d3268120 of 132 bytes failed: Only part of a ReadProcessMemory or WriteProcessMemory request was completed. (0x12B)
[0629/172655.472:ERROR:process_memory_win.cc(73)] ReadMemory at 0x1b7d3268250 of 132 bytes failed: Only part of a ReadProcessMemory or WriteProcessMemory request was completed. (0x12B)
[0629/172655.472:ERROR:process_memory_win.cc(73)] ReadMemory at 0x1b7d3268380 of 132 bytes failed: Only part of a ReadProcessMemory or WriteProcessMemory request was completed. (0x12B)
[0629/172655.473:ERROR:process_memory_win.cc(73)] ReadMemory at 0x1b7d32684b0 of 132 bytes failed: Only part of a ReadProcessMemory or WriteProcessMemory request was completed. (0x12B)
[0629/172655.473:ERROR:process_memory_win.cc(73)] ReadMemory at 0x1b7d3268710 of 132 bytes failed: Only part of a ReadProcessMemory or WriteProcessMemory request was completed. (0x12B)
[0629/172655.473:ERROR:process_memory_win.cc(73)] ReadMemory at 0x1b7d3268840 of 132 bytes failed: Only part of a ReadProcessMemory or WriteProcessMemory request was completed. (0x12B)
[0629/172655.473:ERROR:process_memory_win.cc(73)] ReadMemory at 0x1b7d3268970 of 132 bytes failed: Only part of a ReadProcessMemory or WriteProcessMemory request was completed. (0x12B)
[0629/172655.473:ERROR:process_memory_win.cc(73)] ReadMemory at 0x1b7d3268aa0 of 132 bytes failed: Only part of a ReadProcessMemory or WriteProcessMemory request was completed. (0x12B)
[0629/172655.473:ERROR:process_memory_win.cc(73)] ReadMemory at 0x1b7d3268bd0 of 132 bytes failed: Only part of a ReadProcessMemory or WriteProcessMemory request was completed. (0x12B)
[0629/172655.473:ERROR:process_memory_win.cc(73)] ReadMemory at 0x1b7d3268d00 of 132 bytes failed: Only part of a ReadProcessMemory or WriteProcessMemory request was completed. (0x12B)
[0629/172655.473:ERROR:process_memory_win.cc(73)] ReadMemory at 0x1b7d327ae20 of 62 bytes failed: Only part of a ReadProcessMemory or WriteProcessMemory request was completed. (0x12B)
[0629/172655.473:ERROR:process_memory_win.cc(73)] ReadMemory at 0x1b7d327af10 of 58 bytes failed: Only part of a ReadProcessMemory or WriteProcessMemory request was completed. (0x12B)
[0629/172655.473:ERROR:process_memory_win.cc(73)] ReadMemory at 0x1b7d327af60 of 60 bytes failed: Only part of a ReadProcessMemory or WriteProcessMemory request was completed. (0x12B)
[0629/172655.473:ERROR:process_memory_win.cc(73)] ReadMemory at 0x1b7d327b0a0 of 60 bytes failed: Only part of a ReadProcessMemory or WriteProcessMemory request was completed. (0x12B)
[0629/172655.473:ERROR:process_memory_win.cc(73)] ReadMemory at 0x1b7d327b4b0 of 66 bytes failed: Only part of a ReadProcessMemory or WriteProcessMemory request was completed. (0x12B)
[0629/172655.473:ERROR:process_memory_win.cc(73)] ReadMemory at 0x1b7d327b500 of 58 bytes failed: Only part of a ReadProcessMemory or WriteProcessMemory request was completed. (0x12B)
[0629/172655.473:ERROR:process_memory_win.cc(73)] ReadMemory at 0x1b7d327b5a0 of 64 bytes failed: Only part of a ReadProcessMemory or WriteProcessMemory request was completed. (0x12B)
[0629/172655.473:ERROR:process_memory_win.cc(73)] ReadMemory at 0x1b7d327b5f0 of 62 bytes failed: Only part of a ReadProcessMemory or WriteProcessMemory request was completed. (0x12B)
[0629/172655.473:ERROR:process_memory_win.cc(73)] ReadMemory at 0x1b7d327b690 of 58 bytes failed: Only part of a ReadProcessMemory or WriteProcessMemory request was completed. (0x12B)
[0629/172655.473:ERROR:process_memory_win.cc(73)] ReadMemory at 0x1b7d327b730 of 62 bytes failed: Only part of a ReadProcessMemory or WriteProcessMemory request was completed. (0x12B)
[0629/172655.473:ERROR:process_memory_win.cc(73)] ReadMemory at 0x1b7d32816d0 of 512 bytes failed: Only part of a ReadProcessMemory or WriteProcessMemory request was completed. (0x12B)
[0629/172655.473:ERROR:process_memory_win.cc(73)] ReadMemory at 0x1b7d3287400 of 512 bytes failed: Only part of a ReadProcessMemory or WriteProcessMemory request was completed. (0x12B)
[0629/172655.473:ERROR:process_memory_win.cc(73)] ReadMemory at 0x1b7d3351b40 of 512 bytes failed: Only part of a ReadProcessMemory or WriteProcessMemory request was completed. (0x12B)
[0629/172655.473:ERROR:process_memory_win.cc(73)] ReadMemory at 0x1b7d35480a0 of 512 bytes failed: Only part of a ReadProcessMemory or WriteProcessMemory request was completed. (0x12B)
[0629/172655.473:ERROR:process_memory_win.cc(73)] ReadMemory at 0x1b7d3990000 of 384 bytes failed: Only part of a ReadProcessMemory or WriteProcessMemory request was completed. (0x12B)
[0629/172655.473:ERROR:process_memory_win.cc(73)] ReadMemory at 0x1b7d39b3b40 of 512 bytes failed: Only part of a ReadProcessMemory or WriteProcessMemory request was completed. (0x12B)
[0629/172655.473:ERROR:process_memory_win.cc(73)] ReadMemory at 0x1b7d39cd0a8 of 512 bytes failed: Only part of a ReadProcessMemory or WriteProcessMemory request was completed. (0x12B)
[0629/172655.473:ERROR:process_memory_win.cc(73)] ReadMemory at 0x1b7d39ceb80 of 712 bytes failed: Only part of a ReadProcessMemory or WriteProcessMemory request was completed. (0x12B)
[0629/172655.473:ERROR:process_memory_win.cc(73)] ReadMemory at 0x1b7d39d2140 of 512 bytes failed: Only part of a ReadProcessMemory or WriteProcessMemory request was completed. (0x12B)
[0629/172655.473:ERROR:process_memory_win.cc(73)] ReadMemory at 0x1b7d39fae00 of 512 bytes failed: Only part of a ReadProcessMemory or WriteProcessMemory request was completed. (0x12B)
[0629/172655.473:ERROR:process_memory_win.cc(73)] ReadMemory at 0x1b7d3a0a070 of 656 bytes failed: Only part of a ReadProcessMemory or WriteProcessMemory request was completed. (0x12B)
[0629/172655.473:ERROR:process_memory_win.cc(73)] ReadMemory at 0x1b7d52240c0 of 512 bytes failed: Only part of a ReadProcessMemory or WriteProcessMemory request was completed. (0x12B)
[0629/172655.473:ERROR:process_memory_win.cc(73)] ReadMemory at 0x1b7d5224580 of 512 bytes failed: Only part of a ReadProcessMemory or WriteProcessMemory request was completed. (0x12B)
[0629/172655.473:ERROR:process_memory_win.cc(73)] ReadMemory at 0x1b7d52e57b0 of 512 bytes failed: Only part of a ReadProcessMemory or WriteProcessMemory request was completed. (0x12B)
[0629/172655.473:ERROR:process_memory_win.cc(73)] ReadMemory at 0x1b7d5e61d08 of 512 bytes failed: Only part of a ReadProcessMemory or WriteProcessMemory request was completed. (0x12B)
[0629/172655.473:ERROR:process_memory_win.cc(73)] ReadMemory at 0x1b7d5f71580 of 512 bytes failed: Only part of a ReadProcessMemory or WriteProcessMemory request was completed. (0x12B)
[0629/172655.473:ERROR:process_memory_win.cc(73)] ReadMemory at 0x1b7d6a1fc70 of 512 bytes failed: Only part of a ReadProcessMemory or WriteProcessMemory request was completed. (0x12B)
[0629/172655.473:ERROR:process_memory_win.cc(73)] ReadMemory at 0x1b7d6d160b0 of 512 bytes failed: Only part of a ReadProcessMemory or WriteProcessMemory request was completed. (0x12B)
[0629/172655.474:ERROR:process_memory_win.cc(73)] ReadMemory at 0x4cb7f6945b48 of 512 bytes failed: Only part of a ReadProcessMemory or WriteProcessMemory request was completed. (0x12B)
[0629/172655.474:ERROR:process_memory_win.cc(73)] ReadMemory at 0x6efbf120cfe0 of 512 bytes failed: Only part of a ReadProcessMemory or WriteProcessMemory request was completed. (0x12B)
[0629/172655.474:ERROR:process_memory_win.cc(73)] ReadMemory at 0x6efe715219f0 of 512 bytes failed: Only part of a ReadProcessMemory or WriteProcessMemory request was completed. (0x12B)
[0629/172655.474:ERROR:process_memory_win.cc(73)] ReadMemory at 0x7ff91b207d2b of 512 bytes failed: Only part of a ReadProcessMemory or WriteProcessMemory request was completed. (0x12B)
[0629/172655.474:ERROR:process_memory_win.cc(73)] ReadMemory at 0x7ff91b57a374 of 512 bytes failed: Only part of a ReadProcessMemory or WriteProcessMemory request was completed. (0x12B)
[0629/172655.474:ERROR:process_memory_win.cc(73)] ReadMemory at 0x7ff91c225fc7 of 512 bytes failed: Only part of a ReadProcessMemory or WriteProcessMemory request was completed. (0x12B)
[0629/172655.474:ERROR:process_memory_win.cc(73)] ReadMemory at 0x7ff91d468cfc of 512 bytes failed: Only part of a ReadProcessMemory or WriteProcessMemory request was completed. (0x12B)
[0629/172655.474:ERROR:process_memory_win.cc(73)] ReadMemory at 0x7ff91e61bfa5 of 512 bytes failed: Only part of a ReadProcessMemory or WriteProcessMemory request was completed. (0x12B)
[0629/172655.474:ERROR:process_memory_win.cc(73)] ReadMemory at 0x7ff92181ffc0 of 512 bytes failed: Only part of a ReadProcessMemory or WriteProcessMemory request was completed. (0x12B)
[0629/172655.474:ERROR:process_memory_win.cc(73)] ReadMemory at 0x7ff977b6a719 of 512 bytes failed: Only part of a ReadProcessMemory or WriteProcessMemory request was completed. (0x12B)
[0629/172655.474:ERROR:process_memory_win.cc(73)] ReadMemory at 0x7ff977d9c6e0 of 512 bytes failed: Only part of a ReadProcessMemory or WriteProcessMemory request was completed. (0x12B)
[0629/172655.474:ERROR:process_memory_win.cc(73)] ReadMemory at 0x7ff97a29c074 of 832 bytes failed: Only part of a ReadProcessMemory or WriteProcessMemory request was completed. (0x12B)
[0629/172655.474:ERROR:process_memory_win.cc(73)] ReadMemory at 0x7ff97a29f924 of 608 bytes failed: Only part of a ReadProcessMemory or WriteProcessMemory request was completed. (0x12B)
[0629/172655.474:ERROR:process_memory_win.cc(73)] ReadMemory at 0x7ff97a32c428 of 18 bytes failed: Only part of a ReadProcessMemory or WriteProcessMemory request was completed. (0x12B)
[0629/172655.474:ERROR:process_memory_win.cc(73)] ReadMemory at 0x7ff97a35f4f8 of 40 bytes failed: Only part of a ReadProcessMemory or WriteProcessMemory request was completed. (0x12B)
[0629/172655.474:ERROR:process_memory_win.cc(73)] ReadMemory at 0x7ff97a35f978 of 48 bytes failed: Only part of a ReadProcessMemory or WriteProcessMemory request was completed. (0x12B)
[0629/172655.474:ERROR:process_memory_win.cc(73)] ReadMemory at 0x7ff97a3653c0 of 64 bytes failed: Only part of a ReadProcessMemory or WriteProcessMemory request was completed. (0x12B)
[0629/172655.476:ERROR:scoped_process_suspend.cc(40)] NtResumeProcess: An attempt was made to access an exiting process. (0xc000010a)
